[debug] [2024-03-04T11:10:21.371Z] ----------------------------------------------------------------------
[debug] [2024-03-04T11:10:21.373Z] Command:       C:\Program Files\nodejs\node.exe C:\Users\GBB1HC\AppData\Roaming\npm\node_modules\firebase-tools\lib\bin\firebase.js deploy
[debug] [2024-03-04T11:10:21.373Z] CLI Version:   12.4.5
[debug] [2024-03-04T11:10:21.373Z] Platform:      win32
[debug] [2024-03-04T11:10:21.374Z] Node Version:  v18.14.2
[debug] [2024-03-04T11:10:21.376Z] Time:          Mon Mar 04 2024 18:10:21 GMT+0700 (Indochina Time)
[debug] [2024-03-04T11:10:21.376Z] ----------------------------------------------------------------------
[debug] 
[debug] [2024-03-04T11:10:21.389Z] >>> [apiv2][query] GET https://firebase-public.firebaseio.com/cli.json [none]
[debug] [2024-03-04T11:10:21.453Z] > command requires scopes: ["email","openid","https://www.googleapis.com/auth/cloudplatformprojects.readonly","https://www.googleapis.com/auth/firebase","https://www.googleapis.com/auth/cloud-platform"]
[debug] [2024-03-04T11:10:21.453Z] > authorizing via signed-in user (lordabsolute99@gmail.com)
[debug] [2024-03-04T11:10:21.453Z] [iam] checking project find-number-game for permissions ["firebase.projects.get","firebasehosting.sites.update"]
[debug] [2024-03-04T11:10:21.454Z] > refreshing access token with scopes: []
[debug] [2024-03-04T11:10:21.455Z] >>> [apiv2][query] POST https://www.googleapis.com/oauth2/v3/token [none]
[debug] [2024-03-04T11:10:21.455Z] >>> [apiv2][body] POST https://www.googleapis.com/oauth2/v3/token [omitted]
[debug] [2024-03-04T11:10:22.122Z] <<< [apiv2][status] POST https://www.googleapis.com/oauth2/v3/token 200
[debug] [2024-03-04T11:10:22.122Z] <<< [apiv2][body] POST https://www.googleapis.com/oauth2/v3/token [omitted]
[debug] [2024-03-04T11:10:22.149Z] >>> [apiv2][query] POST https://cloudresourcemanager.googleapis.com/v1/projects/find-number-game:testIamPermissions [none]
[debug] [2024-03-04T11:10:22.150Z] >>> [apiv2][(partial)header] POST https://cloudresourcemanager.googleapis.com/v1/projects/find-number-game:testIamPermissions x-goog-quota-user=projects/find-number-game
[debug] [2024-03-04T11:10:22.150Z] >>> [apiv2][body] POST https://cloudresourcemanager.googleapis.com/v1/projects/find-number-game:testIamPermissions {"permissions":["firebase.projects.get","firebasehosting.sites.update"]}
[debug] [2024-03-04T11:10:22.953Z] <<< [apiv2][status] GET https://firebase-public.firebaseio.com/cli.json 200
[debug] [2024-03-04T11:10:22.954Z] <<< [apiv2][body] GET https://firebase-public.firebaseio.com/cli.json {"cloudBuildErrorAfter":1594252800000,"cloudBuildWarnAfter":1590019200000,"defaultNode10After":1594252800000,"minVersion":"3.0.5","node8DeploysDisabledAfter":1613390400000,"node8RuntimeDisabledAfter":1615809600000,"node8WarnAfter":1600128000000}
[debug] [2024-03-04T11:10:23.894Z] <<< [apiv2][status] POST https://cloudresourcemanager.googleapis.com/v1/projects/find-number-game:testIamPermissions 200
[debug] [2024-03-04T11:10:23.894Z] <<< [apiv2][body] POST https://cloudresourcemanager.googleapis.com/v1/projects/find-number-game:testIamPermissions {}
[debug] [2024-03-04T11:10:23.894Z] [iam] error while checking permissions, command may fail: FirebaseError: Authorization failed. This account is missing the following required permissions on project find-number-game:

  firebase.projects.get
  firebasehosting.sites.update
[debug] [2024-03-04T11:10:23.895Z] >>> [apiv2][query] GET https://firebase.googleapis.com/v1beta1/projects/find-number-game [none]
[debug] [2024-03-04T11:10:24.666Z] <<< [apiv2][status] GET https://firebase.googleapis.com/v1beta1/projects/find-number-game 403
[debug] [2024-03-04T11:10:24.666Z] <<< [apiv2][body] GET https://firebase.googleapis.com/v1beta1/projects/find-number-game {"error":{"code":403,"message":"The caller does not have permission","status":"PERMISSION_DENIED"}}
[debug] [2024-03-04T11:10:24.667Z] HTTP Error: 403, The caller does not have permission
[debug] [2024-03-04T11:10:24.668Z] FirebaseError: HTTP Error: 403, The caller does not have permission
    at responseToError (C:\Users\GBB1HC\AppData\Roaming\npm\node_modules\firebase-tools\lib\responseToError.js:49:12)
    at RetryOperation._fn (C:\Users\GBB1HC\AppData\Roaming\npm\node_modules\firebase-tools\lib\apiv2.js:285:77)
    at process.processTicksAndRejections (node:internal/process/task_queues:95:5)
[error] 
[error] Error: Failed to get Firebase project find-number-game. Please make sure the project exists and your account has permission to access it.
